#
# There is insufficient memory for the Java Runtime Environment to continue.
# Native memory allocation (malloc) failed to allocate 32756 bytes for ChunkPool::allocate
# Possible reasons:
#   The system is out of physical RAM or swap space
#   In 32 bit mode, the process size limit was hit
# Possible solutions:
#   Reduce memory load on the system
#   Increase physical memory or swap space
#   Check if swap backing store is full
#   Use 64 bit Java on a 64 bit OS
#   Decrease Java heap size (-Xmx/-Xms)
#   Decrease number of Java threads
#   Decrease Java thread stack sizes (-Xss)
#   Set larger code cache with -XX:ReservedCodeCacheSize=
# This output file may be truncated or incomplete.
#
#  Out of Memory Error (allocation.cpp:273), pid=4888, tid=4392
#
# JRE version: Java(TM) SE Runtime Environment (8.0_31-b13) (build 1.8.0_31-b13)
# Java VM: Java HotSpot(TM) Client VM (25.31-b07 mixed mode windows-x86 )
# Failed to write core dump. Minidumps are not enabled by default on client versions of Windows
#

---------------  T H R E A D  ---------------

Current thread (0x0107bc00):  JavaThread "main" [_thread_in_native, id=4392, stack(0x01080000,0x010d0000)]

Stack: [0x01080000,0x010d0000],  sp=0x010ccf80,  free space=307k
Native frames: (J=compiled Java code, j=interpreted, Vv=VM code, C=native code)
V  [jvm.dll+0x197b8b]
V  [jvm.dll+0x190a28]
V  [jvm.dll+0x81959]
V  [jvm.dll+0x81bcf]
V  [jvm.dll+0x81f2a]
V  [jvm.dll+0x98774]
V  [jvm.dll+0x34104]
V  [jvm.dll+0x3536f]
V  [jvm.dll+0x35051]
V  [jvm.dll+0x48153]
V  [jvm.dll+0x4882a]
V  [jvm.dll+0x49a50]
V  [jvm.dll+0x49a9a]
V  [jvm.dll+0xa0d58]
V  [jvm.dll+0x760e2]
V  [jvm.dll+0x762c7]
j  sun.misc.URLClassPath$JarLoader.getJarFile(Ljava/net/URL;)Ljava/util/jar/JarFile;+24
j  sun.misc.URLClassPath$JarLoader.access$600(Lsun/misc/URLClassPath$JarLoader;Ljava/net/URL;)Ljava/util/jar/JarFile;+2
j  sun.misc.URLClassPath$JarLoader$1.run()Ljava/lang/Void;+55
j  sun.misc.URLClassPath$JarLoader$1.run()Ljava/lang/Object;+1
v  ~StubRoutines::call_stub
V  [jvm.dll+0x1473e5]
V  [jvm.dll+0x20d57e]
V  [jvm.dll+0x14747e]
V  [jvm.dll+0xfc80f]
C  [java.dll+0x1047]
j  sun.misc.URLClassPath$JarLoader.ensureOpen()V+15
j  sun.misc.URLClassPath$JarLoader.<init>(Ljava/net/URL;Ljava/net/URLStreamHandler;Ljava/util/HashMap;)V+137
j  sun.misc.URLClassPath$3.run()Lsun/misc/URLClassPath$Loader;+82
j  sun.misc.URLClassPath$3.run()Ljava/lang/Object;+1
v  ~StubRoutines::call_stub
V  [jvm.dll+0x1473e5]
V  [jvm.dll+0x20d57e]
V  [jvm.dll+0x14747e]
V  [jvm.dll+0xfc80f]
C  [java.dll+0x1047]
j  sun.misc.URLClassPath.getLoader(Ljava/net/URL;)Lsun/misc/URLClassPath$Loader;+9
j  sun.misc.URLClassPath.getLoader(I)Lsun/misc/URLClassPath$Loader;+87
j  sun.misc.URLClassPath.access$000(Lsun/misc/URLClassPath;I)Lsun/misc/URLClassPath$Loader;+2
j  sun.misc.URLClassPath$2.next()Z+24
j  sun.misc.URLClassPath$2.hasMoreElements()Z+1
j  java.lang.ClassLoader$2.hasMoreElements()Z+4
j  sun.misc.CompoundEnumeration.next()Z+33
j  sun.misc.CompoundEnumeration.hasMoreElements()Z+1
j  java.util.ServiceLoader$LazyIterator.hasNextService()Z+109
j  java.util.ServiceLoader$LazyIterator.hasNext()Z+11
j  java.util.ServiceLoader$1.hasNext()Z+21
j  java.util.ResourceBundle.<clinit>()V+62
v  ~StubRoutines::call_stub
V  [jvm.dll+0x1473e5]
V  [jvm.dll+0x20d57e]
V  [jvm.dll+0x14747e]
V  [jvm.dll+0xb3dab]
V  [jvm.dll+0xb52e1]
V  [jvm.dll+0xb54b8]
V  [jvm.dll+0x7a4a6]
V  [jvm.dll+0x7b4d2]
V  [jvm.dll+0x76ae7]
j  java.awt.Toolkit$5.run()Ljava/lang/Void;+5
j  java.awt.Toolkit$5.run()Ljava/lang/Object;+1
v  ~StubRoutines::call_stub
V  [jvm.dll+0x1473e5]
V  [jvm.dll+0x20d57e]
V  [jvm.dll+0x14747e]
V  [jvm.dll+0xfc80f]
C  [java.dll+0x1015]
j  java.awt.Toolkit.<clinit>()V+37
v  ~StubRoutines::call_stub
V  [jvm.dll+0x1473e5]
V  [jvm.dll+0x20d57e]
V  [jvm.dll+0x14747e]
V  [jvm.dll+0xb3dab]
V  [jvm.dll+0xb52e1]
V  [jvm.dll+0xb54b8]
V  [jvm.dll+0x7a4a6]
V  [jvm.dll+0x7b4d2]
V  [jvm.dll+0x76ae7]
j  java.awt.Component.<clinit>()V+93
v  ~StubRoutines::call_stub
V  [jvm.dll+0x1473e5]
V  [jvm.dll+0x20d57e]
V  [jvm.dll+0x14747e]
V  [jvm.dll+0xb3dab]
V  [jvm.dll+0xb52e1]
V  [jvm.dll+0xb54b8]
V  [jvm.dll+0xb51b4]
V  [jvm.dll+0xb54b8]
V  [jvm.dll+0xb51b4]
V  [jvm.dll+0xb54b8]
V  [jvm.dll+0xb51b4]
V  [jvm.dll+0xb54b8]
V  [jvm.dll+0xb51b4]
V  [jvm.dll+0xb54b8]
V  [jvm.dll+0xb51b4]
V  [jvm.dll+0xb54b8]
V  [jvm.dll+0x76361]
j  algoritmogenetico.AlgoritmoGenetico.main([Ljava/lang/String;)V+0
v  ~StubRoutines::call_stub
V  [jvm.dll+0x1473e5]
V  [jvm.dll+0x20d57e]
...<more frames>...

Java frames: (J=compiled Java code, j=interpreted, Vv=VM code)
j  sun.misc.URLClassPath$JarLoader.getJarFile(Ljava/net/URL;)Ljava/util/jar/JarFile;+24
j  sun.misc.URLClassPath$JarLoader.access$600(Lsun/misc/URLClassPath$JarLoader;Ljava/net/URL;)Ljava/util/jar/JarFile;+2
j  sun.misc.URLClassPath$JarLoader$1.run()Ljava/lang/Void;+55
j  sun.misc.URLClassPath$JarLoader$1.run()Ljava/lang/Object;+1
v  ~StubRoutines::call_stub
j  java.security.AccessController.doPrivileged(Ljava/security/PrivilegedExceptionAction;)Ljava/lang/Object;+0
j  sun.misc.URLClassPath$JarLoader.ensureOpen()V+15
j  sun.misc.URLClassPath$JarLoader.<init>(Ljava/net/URL;Ljava/net/URLStreamHandler;Ljava/util/HashMap;)V+137
j  sun.misc.URLClassPath$3.run()Lsun/misc/URLClassPath$Loader;+82
j  sun.misc.URLClassPath$3.run()Ljava/lang/Object;+1
v  ~StubRoutines::call_stub
j  java.security.AccessController.doPrivileged(Ljava/security/PrivilegedExceptionAction;)Ljava/lang/Object;+0
j  sun.misc.URLClassPath.getLoader(Ljava/net/URL;)Lsun/misc/URLClassPath$Loader;+9
j  sun.misc.URLClassPath.getLoader(I)Lsun/misc/URLClassPath$Loader;+87
j  sun.misc.URLClassPath.access$000(Lsun/misc/URLClassPath;I)Lsun/misc/URLClassPath$Loader;+2
j  sun.misc.URLClassPath$2.next()Z+24
j  sun.misc.URLClassPath$2.hasMoreElements()Z+1
j  java.lang.ClassLoader$2.hasMoreElements()Z+4
j  sun.misc.CompoundEnumeration.next()Z+33
j  sun.misc.CompoundEnumeration.hasMoreElements()Z+1
j  java.util.ServiceLoader$LazyIterator.hasNextService()Z+109
j  java.util.ServiceLoader$LazyIterator.hasNext()Z+11
j  java.util.ServiceLoader$1.hasNext()Z+21
j  java.util.ResourceBundle.<clinit>()V+62
v  ~StubRoutines::call_stub
j  java.awt.Toolkit$5.run()Ljava/lang/Void;+5
j  java.awt.Toolkit$5.run()Ljava/lang/Object;+1
v  ~StubRoutines::call_stub
j  java.security.AccessController.doPrivileged(Ljava/security/PrivilegedAction;)Ljava/lang/Object;+0
j  java.awt.Toolkit.<clinit>()V+37
v  ~StubRoutines::call_stub
j  java.awt.Component.<clinit>()V+93
v  ~StubRoutines::call_stub
j  algoritmogenetico.AlgoritmoGenetico.main([Ljava/lang/String;)V+0
v  ~StubRoutines::call_stub

---------------  P R O C E S S  ---------------

Java Threads: ( => current thread )
  0x1469e000 JavaThread "Service Thread" daemon [_thread_blocked, id=2224, stack(0x14860000,0x148b0000)]
  0x14699000 JavaThread "C1 CompilerThread0" daemon [_thread_in_native, id=500, stack(0x04180000,0x041d0000)]
  0x14698000 JavaThread "Attach Listener" daemon [_thread_blocked, id=3944, stack(0x04130000,0x04180000)]
  0x14697000 JavaThread "Signal Dispatcher" daemon [_thread_blocked, id=292, stack(0x020c0000,0x02110000)]
  0x14664c00 JavaThread "Finalizer" daemon [_thread_blocked, id=2216, stack(0x02070000,0x020c0000)]
  0x0129ec00 JavaThread "Reference Handler" daemon [_thread_blocked, id=4084, stack(0x02020000,0x02070000)]
=>0x0107bc00 JavaThread "main" [_thread_in_native, id=4392, stack(0x01080000,0x010d0000)]

Other Threads:
  0x0129b000 VMThread [stack: 0x01fd0000,0x02020000] [id=3000]
  0x146b0000 WatcherThread [stack: 0x148b0000,0x14900000] [id=4936]

VM state:not at safepoint (normal execution)

VM Mutex/Monitor currently owned by a thread: None

Heap:
 def new generation   total 4928K, used 1211K [0x04200000, 0x04750000, 0x09750000)
  eden space 4416K,  27% used [0x04200000, 0x0432ed90, 0x04650000)
  from space 512K,   0% used [0x04650000, 0x04650000, 0x046d0000)
  to   space 512K,   0% used [0x046d0000, 0x046d0000, 0x04750000)
 tenured generation   total 10944K, used 0K [0x09750000, 0x0a200000, 0x14200000)
   the space 10944K,   0% used [0x09750000, 0x09750000, 0x09750200, 0x0a200000)
 Metaspace       used 2438K, capacity 2474K, committed 2496K, reserved 4480K

Card table byte_map: [0x01f40000,0x01fd0000] byte_map_base: 0x01f1f000

Polling page: 0x01060000

CodeCache: size=32768Kb used=704Kb max_used=704Kb free=32063Kb
 bounds [0x02130000, 0x021e8000, 0x04130000]
 total_blobs=170 nmethods=28 adapters=75
 compilation: enabled

Compilation events (10 events):
Event: 2.962 Thread 0x14699000 nmethod 24 0x021dd788 code [0x021dd8a0, 0x021ddb20]
Event: 2.962 Thread 0x14699000   25             java.lang.StringBuilder::append (8 bytes)
Event: 2.963 Thread 0x14699000 nmethod 25 0x021ddd88 code [0x021dde90, 0x021ddf7c]
Event: 2.976 Thread 0x14699000   26             java.lang.Math::min (11 bytes)
Event: 2.976 Thread 0x14699000 nmethod 26 0x021de0c8 code [0x021de1c0, 0x021de230]
Event: 3.045 Thread 0x14699000   27             java.io.WinNTFileSystem::normalize (143 bytes)
Event: 3.047 Thread 0x14699000 nmethod 27 0x021de3c8 code [0x021de510, 0x021de77c]
Event: 3.048 Thread 0x14699000   28   !         java.io.BufferedReader::readLine (304 bytes)
Event: 3.052 Thread 0x14699000 nmethod 28 0x021dea48 code [0x021dec00, 0x021df774]
Event: 3.052 Thread 0x14699000   29             sun.nio.cs.UTF_8$Decoder::decodeArrayLoop (691 bytes)

GC Heap History (0 events):
No events

Deoptimization events (0 events):
No events

Internal exceptions (10 events):
Event: 2.749 Thread 0x0107bc00 Exception <a 'java/security/PrivilegedActionException'> (0x042be3c0) thrown at [C:\re\workspace\8-2-build-windows-i586-cygwin\jdk8u31\2394\hotspot\src\share\vm\prims\jvm.cpp, line 1312]
Event: 2.938 Thread 0x0107bc00 Exception <a 'java/security/PrivilegedActionException'> (0x042d0fa0) thrown at [C:\re\workspace\8-2-build-windows-i586-cygwin\jdk8u31\2394\hotspot\src\share\vm\prims\jvm.cpp, line 1312]
Event: 2.962 Thread 0x0107bc00 Exception <a 'java/security/PrivilegedActionException'> (0x042d9118) thrown at [C:\re\workspace\8-2-build-windows-i586-cygwin\jdk8u31\2394\hotspot\src\share\vm\prims\jvm.cpp, line 1312]
Event: 2.963 Thread 0x0107bc00 Exception <a 'java/security/PrivilegedActionException'> (0x042db6e0) thrown at [C:\re\workspace\8-2-build-windows-i586-cygwin\jdk8u31\2394\hotspot\src\share\vm\prims\jvm.cpp, line 1312]
Event: 2.974 Thread 0x0107bc00 Exception <a 'java/security/PrivilegedActionException'> (0x042dde68) thrown at [C:\re\workspace\8-2-build-windows-i586-cygwin\jdk8u31\2394\hotspot\src\share\vm\prims\jvm.cpp, line 1312]
Event: 2.975 Thread 0x0107bc00 Exception <a 'java/security/PrivilegedActionException'> (0x042e2d88) thrown at [C:\re\workspace\8-2-build-windows-i586-cygwin\jdk8u31\2394\hotspot\src\share\vm\prims\jvm.cpp, line 1312]
Event: 2.977 Thread 0x0107bc00 Exception <a 'java/security/PrivilegedActionException'> (0x042e6ca0) thrown at [C:\re\workspace\8-2-build-windows-i586-cygwin\jdk8u31\2394\hotspot\src\share\vm\prims\jvm.cpp, line 1312]
Event: 2.981 Thread 0x0107bc00 Exception <a 'java/security/PrivilegedActionException'> (0x0430f060) thrown at [C:\re\workspace\8-2-build-windows-i586-cygwin\jdk8u31\2394\hotspot\src\share\vm\prims\jvm.cpp, line 1312]
Event: 2.982 Thread 0x0107bc00 Exception <a 'java/security/PrivilegedActionException'> (0x04311780) thrown at [C:\re\workspace\8-2-build-windows-i586-cygwin\jdk8u31\2394\hotspot\src\share\vm\prims\jvm.cpp, line 1312]
Event: 2.990 Thread 0x0107bc00 Exception <a 'java/security/PrivilegedActionException'> (0x04313ff0) thrown at [C:\re\workspace\8-2-build-windows-i586-cygwin\jdk8u31\2394\hotspot\src\share\vm\prims\jvm.cpp, line 1312]

Events (10 events):
Event: 3.056 loading class sun/misc/URLClassPath$2 done
Event: 3.056 loading class java/lang/ClassLoader$2
Event: 3.057 loading class java/lang/ClassLoader$2 done
Event: 3.057 loading class sun/misc/URLClassPath$1
Event: 3.057 loading class sun/misc/URLClassPath$1 done
Event: 3.057 loading class java/net/URLClassLoader$3
Event: 3.057 loading class java/net/URLClassLoader$3 done
Event: 3.057 loading class sun/misc/CompoundEnumeration
Event: 3.058 loading class sun/misc/CompoundEnumeration done
Event: 3.060 loading class java/io/FileNotFoundException


Dynamic libraries:
0x01310000 - 0x01340000 	C:\Program Files\Java\jdk1.8.0_31\bin\java.exe
0x76f50000 - 0x770b9000 	C:\Windows\SYSTEM32\ntdll.dll
0x75fd0000 - 0x760d0000 	C:\Windows\system32\KERNEL32.DLL
0x74a90000 - 0x74b69000 	C:\Windows\system32\KERNELBASE.dll
0x736d0000 - 0x73770000 	C:\Windows\system32\apphelp.dll
0x67d60000 - 0x67fc6000 	C:\Windows\AppPatch\AcGenral.DLL
0x76d50000 - 0x76e13000 	C:\Windows\system32\msvcrt.dll
0x74bb0000 - 0x74bf1000 	C:\Windows\SYSTEM32\sechost.dll
0x745a0000 - 0x745c4000 	C:\Windows\SYSTEM32\SspiCli.dll
0x74cd0000 - 0x74d15000 	C:\Windows\system32\SHLWAPI.dll
0x73800000 - 0x738ee000 	C:\Windows\SYSTEM32\UxTheme.dll
0x76770000 - 0x768c5000 	C:\Windows\system32\USER32.dll
0x76e20000 - 0x76f33000 	C:\Windows\system32\GDI32.dll
0x72ec0000 - 0x72ee3000 	C:\Windows\SYSTEM32\WINMM.dll
0x70880000 - 0x70893000 	C:\Windows\SYSTEM32\samcli.dll
0x76290000 - 0x763b9000 	C:\Windows\system32\ole32.dll
0x76620000 - 0x766b5000 	C:\Windows\system32\OLEAUT32.dll
0x73290000 - 0x732a7000 	C:\Windows\SYSTEM32\MSACM32.dll
0x6bbb0000 - 0x6bbb8000 	C:\Windows\SYSTEM32\VERSION.dll
0x74d20000 - 0x75fcd000 	C:\Windows\system32\SHELL32.dll
0x73f20000 - 0x73f3b000 	C:\Windows\SYSTEM32\USERENV.dll
0x73610000 - 0x7362a000 	C:\Windows\SYSTEM32\dwmapi.dll
0x6f7b0000 - 0x6f8fa000 	C:\Windows\SYSTEM32\urlmon.dll
0x76960000 - 0x769dc000 	C:\Windows\system32\ADVAPI32.dll
0x68850000 - 0x688b5000 	C:\Windows\SYSTEM32\WINSPOOL.DRV
0x720c0000 - 0x720d6000 	C:\Windows\SYSTEM32\MPR.dll
0x74c00000 - 0x74cd0000 	C:\Windows\system32\RPCRT4.dll
0x76a00000 - 0x76b7d000 	C:\Windows\SYSTEM32\combase.dll
0x72090000 - 0x720b3000 	C:\Windows\SYSTEM32\WINMMBASE.dll
0x74770000 - 0x7477f000 	C:\Windows\SYSTEM32\profapi.dll
0x6f900000 - 0x6fb32000 	C:\Windows\SYSTEM32\iertutil.dll
0x6f400000 - 0x6f5e4000 	C:\Windows\SYSTEM32\WININET.dll
0x74a50000 - 0x74a8c000 	C:\Windows\SYSTEM32\cfgmgr32.dll
0x738f0000 - 0x73911000 	C:\Windows\SYSTEM32\DEVOBJ.dll
0x768d0000 - 0x7695b000 	C:\Windows\system32\SHCORE.DLL
0x74b80000 - 0x74ba6000 	C:\Windows\system32\IMM32.DLL
0x76b80000 - 0x76c92000 	C:\Windows\system32\MSCTF.dll
0x72ba0000 - 0x72da6000 	C:\Windows\WinSxS\x86_microsoft.windows.common-controls_6595b64144ccf1df_6.0.9600.17810_none_a9edf09f013934e0\COMCTL32.dll
0x6a390000 - 0x6a44f000 	C:\Program Files\Java\jdk1.8.0_31\jre\bin\msvcr100.dll
0x637a0000 - 0x63b44000 	C:\Program Files\Java\jdk1.8.0_31\jre\bin\client\jvm.dll
0x73270000 - 0x73278000 	C:\Windows\SYSTEM32\WSOCK32.dll
0x74b70000 - 0x74b76000 	C:\Windows\system32\PSAPI.DLL
0x766c0000 - 0x76710000 	C:\Windows\system32\WS2_32.dll
0x76f40000 - 0x76f47000 	C:\Windows\system32\NSI.dll
0x72fd0000 - 0x72fdc000 	C:\Program Files\Java\jdk1.8.0_31\jre\bin\verify.dll
0x6e780000 - 0x6e7a1000 	C:\Program Files\Java\jdk1.8.0_31\jre\bin\java.dll
0x727a0000 - 0x727b3000 	C:\Program Files\Java\jdk1.8.0_31\jre\bin\zip.dll

VM Arguments:
jvm_args: -Dfile.encoding=UTF-8 
java_command: algoritmogenetico.AlgoritmoGenetico
java_class_path (initial): C:\Users\Eduardishion\Desktop\4.-computo evolutivo\para graficar\jfreechart-1.0.19\jfreechart-1.0.19\lib\jcommon-1.0.23.jar;C:\Users\Eduardishion\Desktop\4.-computo evolutivo\para graficar\jfreechart-1.0.19\jfreechart-1.0.19\lib\jfreechart-1.0.19.jar;C:\Users\Eduardishion\Documents\NetBeansProjects\ALGV.5\algoritmoGenetico33\build\classes
Launcher Type: SUN_STANDARD

Environment Variables:
PATH=C:\ProgramData\Oracle\Java\javapath;C:\Program Files\EasyPHP-DevServer-14.1VC11\binaries\php\php_runningversion;C:\Windows\system32;C:\Windows;C:\Windows\System32\Wbem;C:\Windows\System32\WindowsPowerShell\v1.0\;C:\Program Files\Java\jdk1.8.0_31\bin;C:\Program Files\MATLAB\R2011a\runtime\win32;C:\Program Files\MATLAB\R2011a\bin;C:\Program Files\MySQL\MySQL Server 5.1\bin
USERNAME=Eduardishion
OS=Windows_NT
PROCESSOR_IDENTIFIER=x86 Family 15 Model 4 Stepping 9, GenuineIntel



---------------  S Y S T E M  ---------------

OS: Windows 8.1 Build 9600 

CPU:total 2 (1 cores per cpu, 2 threads per core) family 15 model 4 stepping 9, cmov, cx8, fxsr, mmx, sse, sse2, sse3, ht, tsc

Memory: 4k page, physical 1277300k(60252k free), swap 2784628k(5088k free)

vm_info: Java HotSpot(TM) Client VM (25.31-b07) for windows-x86 JRE (1.8.0_31-b13), built on Dec 17 2014 20:46:12 by "java_re" with MS VC++ 10.0 (VS2010)

time: Sat Oct 10 21:45:19 2015
elapsed time: 3 seconds (0d 0h 0m 3s)

